<?xml version="1.0" encoding="UTF-8"?>
<!-- Generated by org.testng.reporters.JUnitXMLReporter -->
<testsuite ignored="0" hostname="DESKTOP-KIS4N2E" failures="0" tests="1" name="Test" time="0.137" errors="0" timestamp="2025-04-19T07:45:36 IST">
  <testcase classname="com.coverFox_test.CoverFoxTestUsingTestNG" name="@BeforeClass launchBrowser" time="0.022">
    <failure type="java.lang.Error" message="Unresolved compilation problem: 
	Syntax error, insert &amp;quot;;&amp;quot; to complete Statement
">
      <![CDATA[java.lang.Error: Unresolved compilation problem: 
Syntax error, insert ";" to complete Statement

at com.coverFox_Base.Base.openBrowser(Base.java:20)
at com.coverFox_test.CoverFoxTestUsingTestNG.launchBrowser(CoverFoxTestUsingTestNG.java:48)
at java.base/java.util.ArrayList.forEach(ArrayList.java:1597)
... Removed 23 stack frames]]>
    </failure>
  </testcase> <!-- @BeforeClass launchBrowser -->
  <testcase classname="com.coverFox_test.CoverFoxTestUsingTestNG" name="@BeforeMethod coverFoxPreconditions" time="0.0">
    <skipped/>
  </testcase> <!-- @BeforeMethod coverFoxPreconditions -->
  <testcase classname="com.coverFox_test.CoverFoxTestUsingTestNG" name="@AfterClass closeBrowser" time="0.0">
    <skipped/>
  </testcase> <!-- @AfterClass closeBrowser -->
  <testcase classname="com.coverFox_test.CoverFoxTestUsingTestNG" name="validateCoverFoxPlans" time="0.0">
    <skipped/>
  </testcase> <!-- validateCoverFoxPlans -->
</testsuite> <!-- Test -->
