<?xml version="1.0" encoding="UTF-8"?>
<testng-results ignored="0" total="1" passed="1" failed="0" skipped="0">
  <reporter-output>
    <line>
      <![CDATA[reading url from properties file]]>
    </line>
    <line>
      <![CDATA[launching Browser]]>
    </line>
    <line>
      <![CDATA[clicking on gender]]>
    </line>
    <line>
      <![CDATA[clicking on next button of health plan page]]>
    </line>
    <line>
      <![CDATA[reading data from excel]]>
    </line>
    <line>
      <![CDATA[handeling age drop down]]>
    </line>
    <line>
      <![CDATA[clicking On NextButton Of MemberDetails Page]]>
    </line>
    <line>
      <![CDATA[reading data from excel]]>
    </line>
    <line>
      <![CDATA[entering PinCode]]>
    </line>
    <line>
      <![CDATA[reading data from excel]]>
    </line>
    <line>
      <![CDATA[entering mobileNumber]]>
    </line>
    <line>
      <![CDATA[clicking On Continue Button]]>
    </line>
    <line>
      <![CDATA[getting plan number from text]]>
    </line>
    <line>
      <![CDATA[getting plan number from plan cards]]>
    </line>
    <line>
      <![CDATA[Plan number are matching TC is passed]]>
    </line>
    <line>
      <![CDATA[Test validateCoverFoxPlans is success]]>
    </line>
    <line>
      <![CDATA[closing Browser]]>
    </line>
  </reporter-output>
  <suite started-at="2025-04-25T07:10:10 IST" name="Suite" finished-at="2025-04-25T07:10:35 IST" duration-ms="24900">
    <groups>
    </groups>
    <test started-at="2025-04-25T07:10:10 IST" name="Test" finished-at="2025-04-25T07:10:35 IST" duration-ms="24900">
      <class name="com.coverFox_test.CoverFoxTestUsingTestNG">
        <test-method is-config="true" signature="launchBrowser()[pri:0, instance:com.coverFox_test.CoverFoxTestUsingTestNG@5fe94a96]" started-at="2025-04-25T07:10:10 IST" name="launchBrowser" finished-at="2025-04-25T07:10:24 IST" duration-ms="14342" status="PASS">
          <reporter-output>
            <line>
              <![CDATA[reading url from properties file]]>
            </line>
            <line>
              <![CDATA[launching Browser]]>
            </line>
          </reporter-output>
        </test-method> <!-- launchBrowser -->
        <test-method is-config="true" signature="coverFoxPreconditions()[pri:0, instance:com.coverFox_test.CoverFoxTestUsingTestNG@5fe94a96]" started-at="2025-04-25T07:10:24 IST" name="coverFoxPreconditions" finished-at="2025-04-25T07:10:34 IST" duration-ms="9913" status="PASS">
          <reporter-output>
            <line>
              <![CDATA[clicking on gender]]>
            </line>
            <line>
              <![CDATA[clicking on next button of health plan page]]>
            </line>
            <line>
              <![CDATA[reading data from excel]]>
            </line>
            <line>
              <![CDATA[handeling age drop down]]>
            </line>
            <line>
              <![CDATA[clicking On NextButton Of MemberDetails Page]]>
            </line>
            <line>
              <![CDATA[reading data from excel]]>
            </line>
            <line>
              <![CDATA[entering PinCode]]>
            </line>
            <line>
              <![CDATA[reading data from excel]]>
            </line>
            <line>
              <![CDATA[entering mobileNumber]]>
            </line>
            <line>
              <![CDATA[clicking On Continue Button]]>
            </line>
          </reporter-output>
        </test-method> <!-- coverFoxPreconditions -->
        <test-method signature="validateCoverFoxPlans()[pri:0, instance:com.coverFox_test.CoverFoxTestUsingTestNG@5fe94a96]" started-at="2025-04-25T07:10:34 IST" name="validateCoverFoxPlans" finished-at="2025-04-25T07:10:34 IST" duration-ms="93" status="PASS">
          <reporter-output>
            <line>
              <![CDATA[getting plan number from text]]>
            </line>
            <line>
              <![CDATA[getting plan number from plan cards]]>
            </line>
            <line>
              <![CDATA[Plan number are matching TC is passed]]>
            </line>
            <line>
              <![CDATA[Test validateCoverFoxPlans is success]]>
            </line>
          </reporter-output>
        </test-method> <!-- validateCoverFoxPlans -->
        <test-method is-config="true" signature="closeBrowser()[pri:0, instance:com.coverFox_test.CoverFoxTestUsingTestNG@5fe94a96]" started-at="2025-04-25T07:10:34 IST" name="closeBrowser" finished-at="2025-04-25T07:10:35 IST" duration-ms="479" status="PASS">
          <reporter-output>
            <line>
              <![CDATA[closing Browser]]>
            </line>
          </reporter-output>
        </test-method> <!-- closeBrowser -->
      </class> <!-- com.coverFox_test.CoverFoxTestUsingTestNG -->
    </test> <!-- Test -->
  </suite> <!-- Suite -->
</testng-results>
