<?xml version="1.0" encoding="UTF-8"?>
<testsuite xmlns:xsi="http://www.w3.org/2001/XMLSchema-instance" xsi:noNamespaceSchemaLocation="https://maven.apache.org/surefire/maven-surefire-plugin/xsd/surefire-test-report.xsd" version="3.0.2" name="TestSuite" time="38.226" tests="1" errors="0" skipped="0" failures="0">
  <properties>
[...]
</properties>
  <testcase name="validateCoverFoxPlans" classname="com.coverFox_test.CoverFoxTestUsingTestNG" time="0.104">
    <system-out><![CDATA[ INFO [main] (CoverFoxTestUsingTestNG.java:39)- Welcome to CoverFox Testing
reading url from properties file
launching Browser
 WARN [main] (CoverFoxTestUsingTestNG.java:44)- launching browser
clicking on gender
 INFO [main] (CoverFoxTestUsingTestNG.java:57)- Clicking on gender
clicking on next button of health plan page
 INFO [main] (CoverFoxTestUsingTestNG.java:59)- clickOnNextButtonHealthPlanPage
2025-04-22T01:50:31.116584100Z main ERROR Log4j API could not find a logging provider.
reading data from excel
handeling age drop down
 INFO [main] (CoverFoxTestUsingTestNG.java:61)- handleAgeDropDown
clicking On NextButton Of MemberDetails Page
 INFO [main] (CoverFoxTestUsingTestNG.java:63)- clickOnNextButtonOfMemberDetailsPage
reading data from excel
entering PinCode
 INFO [main] (CoverFoxTestUsingTestNG.java:65)- enterPinCode
reading data from excel
entering mobileNumber
 INFO [main] (CoverFoxTestUsingTestNG.java:67)- enterMobileNumber
clicking On Continue Button
 INFO [main] (CoverFoxTestUsingTestNG.java:69)- clickOnContinueButton
getting plan number from text
getting plan number from plan cards
 INFO [main] (CoverFoxTestUsingTestNG.java:80)- validating CoverFoxPlans
Plan number are matching TC is passed
Test validateCoverFoxPlans is success
]]></system-out>
    <system-err><![CDATA[SLF4J(W): No SLF4J providers were found.
SLF4J(W): Defaulting to no-operation (NOP) logger implementation
SLF4J(W): See https://www.slf4j.org/codes.html#noProviders for further details.
]]></system-err>
  </testcase>
</testsuite>